<?xml version="1.0" encoding="UTF-8"?>
<testng-results ignored="0" total="1" passed="1" failed="0" skipped="0">
  <reporter-output>
  </reporter-output>
  <suite started-at="2020-03-13T15:24:50Z" name="Default suite" finished-at="2020-03-13T15:24:50Z" duration-ms="35">
    <groups>
    </groups>
    <test started-at="2020-03-13T15:24:50Z" name="Default test" finished-at="2020-03-13T15:24:50Z" duration-ms="35">
      <class name="pract1.Test1">
        <test-method signature="f()[pri:0, instance:pract1.Test1@741a8937]" started-at="2020-03-13T15:24:50Z" name="f" finished-at="2020-03-13T15:24:50Z" duration-ms="11" status="PASS">
          <reporter-output>
          </reporter-output>
        </test-method> <!-- f -->
      </class> <!-- pract1.Test1 -->
    </test> <!-- Default test -->
  </suite> <!-- Default suite -->
</testng-results>
